<?xml version="1.0" encoding="UTF-8"?>
<testsuite xmlns:xsi="http://www.w3.org/2001/XMLSchema-instance" xsi:noNamespaceSchemaLocation="https://maven.apache.org/surefire/maven-surefire-plugin/xsd/surefire-test-report.xsd" name="MyTest" time="0.03" tests="10" errors="0" skipped="0" failures="1">
  <properties>
[...]
</properties>
  <testcase name="test10" classname="MyTest" time="0.02">
    <failure message="expected: &lt;5.49&gt; but was: &lt;5.59&gt;" type="org.opentest4j.AssertionFailedError"><![CDATA[org.opentest4j.AssertionFailedError: expected: <5.49> but was: <5.59>
	at MyTest.test10(MyTest.java:68)
]]></failure>
    <system-out><![CDATA[Black Coffee: $3.99
 + cream: $.50
 + sugar: $.50
 + caramel: $.60
]]></system-out>
  </testcase>
  <testcase name="test1" classname="MyTest" time="0"/>
  <testcase name="test2" classname="MyTest" time="0.001"/>
  <testcase name="test3" classname="MyTest" time="0.001"/>
  <testcase name="test4" classname="MyTest" time="0"/>
  <testcase name="test5" classname="MyTest" time="0.002"/>
  <testcase name="test6" classname="MyTest" time="0"/>
  <testcase name="test7" classname="MyTest" time="0"/>
  <testcase name="test8" classname="MyTest" time="0.002"/>
  <testcase name="test9" classname="MyTest" time="0.001"/>
</testsuite>